<?xml version="1.0" encoding="UTF-8" ?>
<testsuite tests="6" failures="2" name="TestSuite" time="809.654" errors="0" skipped="2">
  <properties>
[...]
</properties>
  <testcase classname="com.jlc.demo1.Test2" name="searchSelenium" time="3.915"/>
  <testcase classname="com.jlc.demo1.Test3" name="searchApache" time="1.932"/>
  <testcase classname="com.jlc.demo1.Test2" name="searchSelenium" time="200.354">
    <failure message="Failed to decode response from marionette
Build info: version: &apos;3.6.0&apos;, revision: &apos;6fbf3ec767&apos;, time: &apos;2017-09-27T15:28:36.4Z&apos;
System info: host: &apos;DESKTOP-0R40V6C&apos;, ip: &apos;192.168.116.1&apos;, os.name: &apos;Windows 10&apos;, os.arch: &apos;amd64&apos;, os.version: &apos;10.0&apos;, java.version: &apos;1.8.0_131&apos;
Driver info: org.openqa.selenium.firefox.FirefoxDriver
Capabilities [{moz:profile=C:\Users\Kalapi\AppData\Local\Temp\rust_mozprofile.c4ZNW3HGvmt4, rotatable=false, timeouts={implicit=0, pageLoad=300000, script=30000}, pageLoadStrategy=normal, platform=XP, specificationLevel=0, moz:accessibilityChecks=false, acceptInsecureCerts=true, browserVersion=55.0.3, platformVersion=10.0, moz:processID=10244, browserName=firefox, javascriptEnabled=true, platformName=XP}]
Session ID: 6bc191ba-6a28-4abb-8757-bcf1ccb6c506" type="org.openqa.selenium.WebDriverException">org.openqa.selenium.WebDriverException: Failed to decode response from marionette
Build info: version: &apos;3.6.0&apos;, revision: &apos;6fbf3ec767&apos;, time: &apos;2017-09-27T15:28:36.4Z&apos;
System info: host: &apos;DESKTOP-0R40V6C&apos;, ip: &apos;192.168.116.1&apos;, os.name: &apos;Windows 10&apos;, os.arch: &apos;amd64&apos;, os.version: &apos;10.0&apos;, java.version: &apos;1.8.0_131&apos;
Driver info: org.openqa.selenium.firefox.FirefoxDriver
Capabilities [{moz:profile=C:\Users\Kalapi\AppData\Local\Temp\rust_mozprofile.c4ZNW3HGvmt4, rotatable=false, timeouts={implicit=0, pageLoad=300000, script=30000}, pageLoadStrategy=normal, platform=XP, specificationLevel=0, moz:accessibilityChecks=false, acceptInsecureCerts=true, browserVersion=55.0.3, platformVersion=10.0, moz:processID=10244, browserName=firefox, javascriptEnabled=true, platformName=XP}]
Session ID: 6bc191ba-6a28-4abb-8757-bcf1ccb6c506
	at sun.reflect.NativeConstructorAccessorImpl.newInstance0(Native Method)
	at sun.reflect.NativeConstructorAccessorImpl.newInstance(NativeConstructorAccessorImpl.java:62)
	at sun.reflect.DelegatingConstructorAccessorImpl.newInstance(DelegatingConstructorAccessorImpl.java:45)
	at java.lang.reflect.Constructor.newInstance(Constructor.java:423)
	at org.openqa.selenium.remote.http.W3CHttpResponseCodec.createException(W3CHttpResponseCodec.java:185)
	at org.openqa.selenium.remote.http.W3CHttpResponseCodec.decode(W3CHttpResponseCodec.java:120)
	at org.openqa.selenium.remote.http.W3CHttpResponseCodec.decode(W3CHttpResponseCodec.java:49)
	at org.openqa.selenium.remote.HttpCommandExecutor.execute(HttpCommandExecutor.java:164)
	at org.openqa.selenium.remote.service.DriverCommandExecutor.execute(DriverCommandExecutor.java:83)
	at org.openqa.selenium.remote.RemoteWebDriver.execute(RemoteWebDriver.java:586)
	at org.openqa.selenium.remote.RemoteWebElement.execute(RemoteWebElement.java:279)
	at org.openqa.selenium.remote.RemoteWebElement.click(RemoteWebElement.java:83)
	at com.jlc.demo1.Test2.searchSelenium(Test2.java:12)
</failure>
    <system-err>1509940025110	Marionette	DEBUG	Received DOM event &quot;pageshow&quot; for &quot;https://www.google.co.in/&quot;
1509940026485	Marionette	DEBUG	Received DOM event &quot;beforeunload&quot; for &quot;https://www.google.co.in/search?source=hp&amp;ei=I9v_WaqOJ8XLvgTX847QDQ&amp;q=selenium&amp;oq=selenium&amp;gs_l=psy-ab.3...8306.8338.0.8421.8.2.0.0.0.0.0.0..0.0....0...1.1.64.psy-ab..8.0.0....0.NlSB6_exDWY&quot;
1509940026865	Marionette	DEBUG	Received DOM event &quot;pagehide&quot; for &quot;https://www.google.co.in/search?source=hp&amp;ei=I9v_WaqOJ8XLvgTX847QDQ&amp;q=selenium&amp;oq=selenium&amp;gs_l=psy-ab.3...8306.8338.0.8421.8.2.0.0.0.0.0.0..0.0....0...1.1.64.psy-ab..8.0.0....0.NlSB6_exDWY&quot;
1509940026899	Marionette	DEBUG	Received observer notification &quot;outer-window-destroyed&quot; for &quot;4294967306&quot;
1509940026902	Marionette	DEBUG	Received DOM event &quot;pagehide&quot; for &quot;https://www.google.co.in/search?source=hp&amp;ei=I9v_WaqOJ8XLvgTX847QDQ&amp;q=selenium&amp;oq=selenium&amp;gs_l=psy-ab.3...8306.8338.0.8421.8.2.0.0.0.0.0.0..0.0....0...1.1.64.psy-ab..8.0.0....0.NlSB6_exDWY&quot;
1509940027382	Marionette	DEBUG	Received DOM event &quot;pagehide&quot; for &quot;https://www.google.co.in/search?source=hp&amp;ei=I9v_WaqOJ8XLvgTX847QDQ&amp;q=selenium&amp;oq=selenium&amp;gs_l=psy-ab.3...8306.8338.0.8421.8.2.0.0.0.0.0.0..0.0....0...1.1.64.psy-ab..8.0.0....0.NlSB6_exDWY&quot;
1509940027385	Marionette	DEBUG	Received DOM event &quot;unload&quot; for &quot;https://www.google.co.in/search?source=hp&amp;ei=I9v_WaqOJ8XLvgTX847QDQ&amp;q=selenium&amp;oq=selenium&amp;gs_l=psy-ab.3...8306.8338.0.8421.8.2.0.0.0.0.0.0..0.0....0...1.1.64.psy-ab..8.0.0....0.NlSB6_exDWY&quot;
1509940224893	Marionette	DEBUG	Received observer notification &quot;outer-window-destroyed&quot; for &quot;4294967308&quot;
1509940224894	Marionette	DEBUG	Received observer notification &quot;outer-window-destroyed&quot; for &quot;4294967297&quot;
[GPU 10532] WARNING: pipe error: 109: file c:/builds/moz2_slave/m-rel-w32-00000000000000000000/build/src/ipc/chromium/src/chrome/common/ipc_channel_win.cc, line 346

###!!! [Child][RunMessage] Error: Channel closing: too late to send/recv, messages will be lost

</system-err>
  </testcase>
  <testcase classname="com.jlc.demo1.Test2" name="close" time="201.15">
    <failure message="Tried to run command without establishing a connection
Build info: version: &apos;3.6.0&apos;, revision: &apos;6fbf3ec767&apos;, time: &apos;2017-09-27T15:28:36.4Z&apos;
System info: host: &apos;DESKTOP-0R40V6C&apos;, ip: &apos;192.168.116.1&apos;, os.name: &apos;Windows 10&apos;, os.arch: &apos;amd64&apos;, os.version: &apos;10.0&apos;, java.version: &apos;1.8.0_131&apos;
Driver info: org.openqa.selenium.firefox.FirefoxDriver
Capabilities [{moz:profile=C:\Users\Kalapi\AppData\Local\Temp\rust_mozprofile.c4ZNW3HGvmt4, rotatable=false, timeouts={implicit=0, pageLoad=300000, script=30000}, pageLoadStrategy=normal, platform=XP, specificationLevel=0, moz:accessibilityChecks=false, acceptInsecureCerts=true, browserVersion=55.0.3, platformVersion=10.0, moz:processID=10244, browserName=firefox, javascriptEnabled=true, platformName=XP}]
Session ID: 6bc191ba-6a28-4abb-8757-bcf1ccb6c506" type="org.openqa.selenium.SessionNotCreatedException">org.openqa.selenium.SessionNotCreatedException: Tried to run command without establishing a connection
Build info: version: &apos;3.6.0&apos;, revision: &apos;6fbf3ec767&apos;, time: &apos;2017-09-27T15:28:36.4Z&apos;
System info: host: &apos;DESKTOP-0R40V6C&apos;, ip: &apos;192.168.116.1&apos;, os.name: &apos;Windows 10&apos;, os.arch: &apos;amd64&apos;, os.version: &apos;10.0&apos;, java.version: &apos;1.8.0_131&apos;
Driver info: org.openqa.selenium.firefox.FirefoxDriver
Capabilities [{moz:profile=C:\Users\Kalapi\AppData\Local\Temp\rust_mozprofile.c4ZNW3HGvmt4, rotatable=false, timeouts={implicit=0, pageLoad=300000, script=30000}, pageLoadStrategy=normal, platform=XP, specificationLevel=0, moz:accessibilityChecks=false, acceptInsecureCerts=true, browserVersion=55.0.3, platformVersion=10.0, moz:processID=10244, browserName=firefox, javascriptEnabled=true, platformName=XP}]
Session ID: 6bc191ba-6a28-4abb-8757-bcf1ccb6c506
	at sun.reflect.NativeConstructorAccessorImpl.newInstance0(Native Method)
	at sun.reflect.NativeConstructorAccessorImpl.newInstance(NativeConstructorAccessorImpl.java:62)
	at sun.reflect.DelegatingConstructorAccessorImpl.newInstance(DelegatingConstructorAccessorImpl.java:45)
	at java.lang.reflect.Constructor.newInstance(Constructor.java:423)
	at org.openqa.selenium.remote.http.W3CHttpResponseCodec.createException(W3CHttpResponseCodec.java:185)
	at org.openqa.selenium.remote.http.W3CHttpResponseCodec.decode(W3CHttpResponseCodec.java:120)
	at org.openqa.selenium.remote.http.W3CHttpResponseCodec.decode(W3CHttpResponseCodec.java:49)
	at org.openqa.selenium.remote.HttpCommandExecutor.execute(HttpCommandExecutor.java:164)
	at org.openqa.selenium.remote.service.DriverCommandExecutor.execute(DriverCommandExecutor.java:83)
	at org.openqa.selenium.remote.RemoteWebDriver.execute(RemoteWebDriver.java:586)
	at org.openqa.selenium.remote.RemoteWebDriver.execute(RemoteWebDriver.java:643)
	at org.openqa.selenium.remote.RemoteWebDriver.quit(RemoteWebDriver.java:482)
	at com.jlc.demo1.Test1.close(Test1.java:34)
	at sun.reflect.NativeMethodAccessorImpl.invoke0(Native Method)
	at sun.reflect.NativeMethodAccessorImpl.invoke(NativeMethodAccessorImpl.java:62)
	at sun.reflect.DelegatingMethodAccessorImpl.invoke(DelegatingMethodAccessorImpl.java:43)
	at java.lang.reflect.Method.invoke(Method.java:498)
	at org.testng.internal.MethodInvocationHelper.invokeMethod(MethodInvocationHelper.java:108)
	at org.testng.internal.Invoker.invokeConfigurationMethod(Invoker.java:523)
	at org.testng.internal.Invoker.invokeConfigurations(Invoker.java:224)
	at org.testng.internal.Invoker.invokeMethod(Invoker.java:723)
	at org.testng.internal.Invoker.invokeTestMethod(Invoker.java:869)
	at org.testng.internal.Invoker.invokeTestMethods(Invoker.java:1193)
	at org.testng.internal.TestMethodWorker.invokeTestMethods(TestMethodWorker.java:126)
	at org.testng.internal.TestMethodWorker.run(TestMethodWorker.java:109)
	at org.testng.TestRunner.privateRun(TestRunner.java:744)
	at org.testng.TestRunner.run(TestRunner.java:602)
	at org.testng.SuiteRunner.runTest(SuiteRunner.java:380)
	at org.testng.SuiteRunner.access$000(SuiteRunner.java:39)
	at org.testng.SuiteRunner$SuiteWorker.run(SuiteRunner.java:414)
	at org.testng.internal.thread.ThreadUtil$1.call(ThreadUtil.java:52)
	at java.util.concurrent.FutureTask.run(FutureTask.java:266)
	at java.util.concurrent.ThreadPoolExecutor.runWorker(ThreadPoolExecutor.java:1142)
	at java.util.concurrent.ThreadPoolExecutor$Worker.run(ThreadPoolExecutor.java:617)
	at java.lang.Thread.run(Thread.java:748)
</failure>
  </testcase>
  <testcase classname="com.jlc.demo1.Test3" name="testLaunch" time="201.151">
    <skipped/>
  </testcase>
  <testcase classname="com.jlc.demo1.Test3" name="searchApache" time="201.152">
    <skipped/>
  </testcase>
</testsuite>