<?xml version="1.0" encoding="UTF-8"?>
<testng-results skipped="0" failed="0" ignored="0" total="4" passed="4">
  <reporter-output>
  </reporter-output>
  <suite name="Suite" duration-ms="76904" started-at="2017-11-07T16:52:00Z" finished-at="2017-11-07T16:53:17Z">
    <groups>
    </groups>
    <test name="ChromeTest" duration-ms="43272" started-at="2017-11-07T16:52:00Z" finished-at="2017-11-07T16:52:43Z">
      <class name="com.jlc.demo1.Test3">
        <test-method status="PASS" signature="testLaunch(java.lang.String)[pri:0, instance:com.jlc.demo1.Test3@62043840]" name="testLaunch" is-config="true" duration-ms="12419" started-at="2017-11-07T22:22:28Z" finished-at="2017-11-07T22:22:40Z">
          <params>
            <param index="0">
              <value>
                <![CDATA[chrome]]>
              </value>
            </param>
          </params>
          <reporter-output>
          </reporter-output>
        </test-method> <!-- testLaunch -->
        <test-method status="PASS" signature="searchApache()[pri:0, instance:com.jlc.demo1.Test3@62043840]" name="searchApache" duration-ms="2529" started-at="2017-11-07T22:22:40Z" finished-at="2017-11-07T22:22:43Z">
          <reporter-output>
          </reporter-output>
        </test-method> <!-- searchApache -->
        <test-method status="PASS" signature="close()[pri:0, instance:com.jlc.demo1.Test3@62043840]" name="close" is-config="true" duration-ms="833" started-at="2017-11-07T22:22:43Z" finished-at="2017-11-07T22:22:43Z">
          <reporter-output>
          </reporter-output>
        </test-method> <!-- close -->
      </class> <!-- com.jlc.demo1.Test3 -->
      <class name="com.jlc.demo1.Test2">
        <test-method status="PASS" signature="testLaunch(java.lang.String)[pri:0, instance:com.jlc.demo1.Test2@246ae04d]" name="testLaunch" is-config="true" duration-ms="22730" started-at="2017-11-07T22:22:00Z" finished-at="2017-11-07T22:22:23Z">
          <params>
            <param index="0">
              <value>
                <![CDATA[chrome]]>
              </value>
            </param>
          </params>
          <reporter-output>
          </reporter-output>
        </test-method> <!-- testLaunch -->
        <test-method status="PASS" signature="searchSelenium()[pri:0, instance:com.jlc.demo1.Test2@246ae04d]" name="searchSelenium" duration-ms="3812" started-at="2017-11-07T22:22:23Z" finished-at="2017-11-07T22:22:27Z">
          <reporter-output>
          </reporter-output>
        </test-method> <!-- searchSelenium -->
        <test-method status="PASS" signature="close()[pri:0, instance:com.jlc.demo1.Test2@246ae04d]" name="close" is-config="true" duration-ms="916" started-at="2017-11-07T22:22:27Z" finished-at="2017-11-07T22:22:28Z">
          <reporter-output>
          </reporter-output>
        </test-method> <!-- close -->
      </class> <!-- com.jlc.demo1.Test2 -->
    </test> <!-- ChromeTest -->
    <test name="FirefoxTest" duration-ms="76904" started-at="2017-11-07T16:52:00Z" finished-at="2017-11-07T16:53:17Z">
      <class name="com.jlc.demo1.Test3">
        <test-method status="PASS" signature="testLaunch(java.lang.String)[pri:0, instance:com.jlc.demo1.Test3@3d8c7aca]" name="testLaunch" is-config="true" duration-ms="9962" started-at="2017-11-07T22:22:57Z" finished-at="2017-11-07T22:23:07Z">
          <params>
            <param index="0">
              <value>
                <![CDATA[firefox]]>
              </value>
            </param>
          </params>
          <reporter-output>
          </reporter-output>
        </test-method> <!-- testLaunch -->
        <test-method status="PASS" signature="searchApache()[pri:0, instance:com.jlc.demo1.Test3@3d8c7aca]" name="searchApache" duration-ms="5912" started-at="2017-11-07T22:23:07Z" finished-at="2017-11-07T22:23:13Z">
          <reporter-output>
          </reporter-output>
        </test-method> <!-- searchApache -->
        <test-method status="PASS" signature="close()[pri:0, instance:com.jlc.demo1.Test3@3d8c7aca]" name="close" is-config="true" duration-ms="3719" started-at="2017-11-07T22:23:13Z" finished-at="2017-11-07T22:23:17Z">
          <reporter-output>
          </reporter-output>
        </test-method> <!-- close -->
      </class> <!-- com.jlc.demo1.Test3 -->
      <class name="com.jlc.demo1.Test2">
        <test-method status="PASS" signature="testLaunch(java.lang.String)[pri:0, instance:com.jlc.demo1.Test2@1a407d53]" name="testLaunch" is-config="true" duration-ms="42461" started-at="2017-11-07T22:22:00Z" finished-at="2017-11-07T22:22:43Z">
          <params>
            <param index="0">
              <value>
                <![CDATA[firefox]]>
              </value>
            </param>
          </params>
          <reporter-output>
          </reporter-output>
        </test-method> <!-- testLaunch -->
        <test-method status="PASS" signature="searchSelenium()[pri:0, instance:com.jlc.demo1.Test2@1a407d53]" name="searchSelenium" duration-ms="3519" started-at="2017-11-07T22:22:43Z" finished-at="2017-11-07T22:22:46Z">
          <reporter-output>
          </reporter-output>
        </test-method> <!-- searchSelenium -->
        <test-method status="PASS" signature="close()[pri:0, instance:com.jlc.demo1.Test2@1a407d53]" name="close" is-config="true" duration-ms="11299" started-at="2017-11-07T22:22:46Z" finished-at="2017-11-07T22:22:57Z">
          <reporter-output>
          </reporter-output>
        </test-method> <!-- close -->
      </class> <!-- com.jlc.demo1.Test2 -->
    </test> <!-- FirefoxTest -->
  </suite> <!-- Suite -->
</testng-results>
